Using pre-set license
Built from '2020.3/staging' branch; Version is '2020.3.9f1 (108be757e447) revision 1084391'; Using compiler version '192528614'; Build Type 'Release'
OS: 'Windows 10 Home Single Language; OS build 19042.985; Version 2009; 64bit' Language: 'en' Physical Memory: 16244 MB
BatchMode: 1, IsHumanControllingUs: 0, StartBugReporterOnCrash: 0, Is64bit: 1, IsPro: 0

 COMMAND LINE ARGUMENTS:
D:\Program Files\Unity\2020.3.9f1\Editor\Unity.exe
-adb2
-batchMode
-noUpm
-name
AssetImportWorker0
-projectPath
D:/projects/pegah/tapsell/TapsellPlusUnity/new2020/TapsellPlusSDK-UnitySample2020
-logFile
Logs/AssetImportWorker0.log
-srvPort
53833
Successfully changed project path to: D:/projects/pegah/tapsell/TapsellPlusUnity/new2020/TapsellPlusSDK-UnitySample2020
D:/projects/pegah/tapsell/TapsellPlusUnity/new2020/TapsellPlusSDK-UnitySample2020
Using Asset Import Pipeline V2.
Unable to join player connection multicast group.

Refreshing native plugins compatible for Editor in 35.90 ms, found 0 plugins.
Preloading 0 native plugins for Editor in 0.00 ms.
Initialize engine version: 2020.3.9f1 (108be757e447)
[Subsystems] Discovering subsystems at path D:/Program Files/Unity/2020.3.9f1/Editor/Data/Resources/UnitySubsystems
[Subsystems] Discovering subsystems at path D:/projects/pegah/tapsell/TapsellPlusUnity/new2020/TapsellPlusSDK-UnitySample2020/Assets
GfxDevice: creating device client; threaded=0
Direct3D:
    Version:  Direct3D 11.0 [level 11.1]
    Renderer: NVIDIA GeForce MX150 (ID=0x1d12)
    Vendor:   
    VRAM:     1983 MB
    Driver:   27.21.14.5191
Initialize mono
Mono path[0] = 'D:/Program Files/Unity/2020.3.9f1/Editor/Data/Managed'
Mono path[1] = 'D:/Program Files/Unity/2020.3.9f1/Editor/Data/MonoBleedingEdge/lib/mono/unityjit'
Mono config path = 'D:/Program Files/Unity/2020.3.9f1/Editor/Data/MonoBleedingEdge/etc'
Using monoOptions --debugger-agent=transport=dt_socket,embedding=1,server=y,suspend=n,address=127.0.0.1:56080
Begin MonoManager ReloadAssembly
Registering precompiled unity dll's ...
Register platform support module: D:/Program Files/Unity/2020.3.9f1/Editor/Data/PlaybackEngines/WindowsStandaloneSupport/UnityEditor.WindowsStandalone.Extensions.dll
Registered in 0.001506 seconds.
Native extension for WindowsStandalone target not found
Refreshing native plugins compatible for Editor in 40.20 ms, found 0 plugins.
Preloading 0 native plugins for Editor in 0.00 ms.
Mono: successfully reloaded assembly
- Completed reload, in  3.306 seconds
Platform modules already initialized, skipping
Registering precompiled user dll's ...
Registered in 0.003617 seconds.
Begin MonoManager ReloadAssembly
Native extension for WindowsStandalone target not found
Refreshing native plugins compatible for Editor in 0.31 ms, found 0 plugins.
Preloading 0 native plugins for Editor in 0.00 ms.
Mono: successfully reloaded assembly
- Completed reload, in  1.377 seconds
Platform modules already initialized, skipping
========================================================================
Worker process is ready to serve import requests
Launched and connected shader compiler UnityShaderCompiler.exe after 0.09 seconds
Refreshing native plugins compatible for Editor in 0.30 ms, found 0 plugins.
Preloading 0 native plugins for Editor in 0.00 ms.
Unloading 1146 Unused Serialized files (Serialized files now loaded: 0)
System memory in use before: 58.4 MB.
System memory in use after: 58.4 MB.

Unloading 17 unused Assets to reduce memory usage. Loaded Objects now: 1582.
Total: 2.993800 ms (FindLiveObjects: 0.356900 ms CreateObjectMapping: 0.111200 ms MarkObjects: 2.349900 ms  DeleteObjects: 0.173100 ms)

========================================================================
Received Import Request.
  path: Assets/Scenes/FirstScene.unity
  artifactKey: Guid(42745c12921b2ef23a4064236ebb1647) Importer(815301076,1909f56bfc062723c751e8b465ee728b)
Start importing Assets/Scenes/FirstScene.unity using Guid(42745c12921b2ef23a4064236ebb1647) Importer(815301076,1909f56bfc062723c751e8b465ee728b)  -> (artifact id: '0ff295af9b432afd3dc782bdf7a701ff') in 0.034558 seconds
  Import took 0.038409 seconds .

========================================================================
Received Import Request.
  Time since last request: 1.710933 seconds.
  path: Assets/Scenes/RwardedVideoScene.unity
  artifactKey: Guid(473670b76c1813d8c8c05a3b8be546b5) Importer(815301076,1909f56bfc062723c751e8b465ee728b)
Start importing Assets/Scenes/RwardedVideoScene.unity using Guid(473670b76c1813d8c8c05a3b8be546b5) Importer(815301076,1909f56bfc062723c751e8b465ee728b)  -> (artifact id: '75fcf26d741973b70d39c6e46f8f1054') in 0.012647 seconds
  Import took 0.015457 seconds .

========================================================================
Received Import Request.
  Time since last request: 5.483848 seconds.
  path: Assets/Scenes/InterstitialScene.unity
  artifactKey: Guid(92e269f7b03b7c54c84c6a74599f16e3) Importer(815301076,1909f56bfc062723c751e8b465ee728b)
Start importing Assets/Scenes/InterstitialScene.unity using Guid(92e269f7b03b7c54c84c6a74599f16e3) Importer(815301076,1909f56bfc062723c751e8b465ee728b)  -> (artifact id: 'a9c7bfe875b6a55aec01694edbb55a93') in 0.013457 seconds
  Import took 0.016196 seconds .

========================================================================
Received Import Request.
  Time since last request: 6.548993 seconds.
  path: Assets/Scenes/SampleScene.unity
  artifactKey: Guid(9fc0d4010bbf28b4594072e72b8655ab) Importer(815301076,1909f56bfc062723c751e8b465ee728b)
Start importing Assets/Scenes/SampleScene.unity using Guid(9fc0d4010bbf28b4594072e72b8655ab) Importer(815301076,1909f56bfc062723c751e8b465ee728b)  -> (artifact id: '85059f4f9e1a832ed95adaa0d25c5c4c') in 0.012330 seconds
  Import took 0.015678 seconds .

========================================================================
Received Import Request.
  Time since last request: 0.001224 seconds.
  path: Assets/Scenes/SampleScene.unity
  artifactKey: Guid(9fc0d4010bbf28b4594072e72b8655ab) Importer(815301076,1909f56bfc062723c751e8b465ee728b)
Start importing Assets/Scenes/SampleScene.unity using Guid(9fc0d4010bbf28b4594072e72b8655ab) Importer(815301076,1909f56bfc062723c751e8b465ee728b)  -> (artifact id: '85059f4f9e1a832ed95adaa0d25c5c4c') in 0.003400 seconds
  Import took 0.006299 seconds .

========================================================================
Received Import Request.
  Time since last request: 2.460158 seconds.
  path: Assets/Scenes/StandardBannerScene.unity
  artifactKey: Guid(36a883b1377060a139da8518e52b0b8f) Importer(815301076,1909f56bfc062723c751e8b465ee728b)
Start importing Assets/Scenes/StandardBannerScene.unity using Guid(36a883b1377060a139da8518e52b0b8f) Importer(815301076,1909f56bfc062723c751e8b465ee728b)  -> (artifact id: '650f6f2fa0c247157eaf3a20535eec75') in 0.013081 seconds
  Import took 0.015846 seconds .

========================================================================
Received Import Request.
  Time since last request: 7.673644 seconds.
  path: Assets/Scenes/NativeBannerScene.unity
  artifactKey: Guid(61f7840fff5df688a96e899fda50408c) Importer(815301076,1909f56bfc062723c751e8b465ee728b)
Start importing Assets/Scenes/NativeBannerScene.unity using Guid(61f7840fff5df688a96e899fda50408c) Importer(815301076,1909f56bfc062723c751e8b465ee728b)  -> (artifact id: 'adc30f31790393bc46f296cce8b227c0') in 0.010973 seconds
  Import took 0.014727 seconds .

========================================================================
Received Import Request.
  Time since last request: 0.001949 seconds.
  path: Assets/Scenes/NativeBannerScene.unity
  artifactKey: Guid(61f7840fff5df688a96e899fda50408c) Importer(815301076,1909f56bfc062723c751e8b465ee728b)
Start importing Assets/Scenes/NativeBannerScene.unity using Guid(61f7840fff5df688a96e899fda50408c) Importer(815301076,1909f56bfc062723c751e8b465ee728b)  -> (artifact id: 'adc30f31790393bc46f296cce8b227c0') in 0.003652 seconds
  Import took 0.006058 seconds .

========================================================================
Received Prepare
Refreshing native plugins compatible for Editor in 1.99 ms, found 0 plugins.
Preloading 0 native plugins for Editor in 0.00 ms.
Unloading 10 Unused Serialized files (Serialized files now loaded: 0)
System memory in use before: 35.4 MB.
System memory in use after: 35.5 MB.

Unloading 10 unused Assets to reduce memory usage. Loaded Objects now: 1582.
Total: 3.527000 ms (FindLiveObjects: 0.170700 ms CreateObjectMapping: 0.061900 ms MarkObjects: 3.232100 ms  DeleteObjects: 0.060700 ms)

AssetImportWorkerClient::OnTransportError - code=2 error=End of file
