Using pre-set license
Built from '2020.3/staging' branch; Version is '2020.3.9f1 (108be757e447) revision 1084391'; Using compiler version '192528614'; Build Type 'Release'
OS: 'Windows 10 Home Single Language; OS build 19042.985; Version 2009; 64bit' Language: 'en' Physical Memory: 16244 MB
BatchMode: 1, IsHumanControllingUs: 0, StartBugReporterOnCrash: 0, Is64bit: 1, IsPro: 0

 COMMAND LINE ARGUMENTS:
D:\Program Files\Unity\2020.3.9f1\Editor\Unity.exe
-adb2
-batchMode
-noUpm
-name
AssetImportWorker0
-projectPath
D:/projects/pegah/tapsell/TapsellPlusUnity/2020/EDM
-logFile
Logs/AssetImportWorker0.log
-srvPort
54722
Successfully changed project path to: D:/projects/pegah/tapsell/TapsellPlusUnity/2020/EDM
D:/projects/pegah/tapsell/TapsellPlusUnity/2020/EDM
Using Asset Import Pipeline V2.
Refreshing native plugins compatible for Editor in 51.24 ms, found 0 plugins.
Preloading 0 native plugins for Editor in 0.00 ms.
Initialize engine version: 2020.3.9f1 (108be757e447)
[Subsystems] Discovering subsystems at path D:/Program Files/Unity/2020.3.9f1/Editor/Data/Resources/UnitySubsystems
[Subsystems] Discovering subsystems at path D:/projects/pegah/tapsell/TapsellPlusUnity/2020/EDM/Assets
GfxDevice: creating device client; threaded=0
Direct3D:
    Version:  Direct3D 11.0 [level 11.1]
    Renderer: NVIDIA GeForce MX150 (ID=0x1d12)
    Vendor:   
    VRAM:     1983 MB
    Driver:   27.21.14.5191
Initialize mono
Mono path[0] = 'D:/Program Files/Unity/2020.3.9f1/Editor/Data/Managed'
Mono path[1] = 'D:/Program Files/Unity/2020.3.9f1/Editor/Data/MonoBleedingEdge/lib/mono/unityjit'
Mono config path = 'D:/Program Files/Unity/2020.3.9f1/Editor/Data/MonoBleedingEdge/etc'
Using monoOptions --debugger-agent=transport=dt_socket,embedding=1,server=y,suspend=n,address=127.0.0.1:56632
Begin MonoManager ReloadAssembly
Registering precompiled unity dll's ...
Register platform support module: D:/Program Files/Unity/2020.3.9f1/Editor/Data/PlaybackEngines/WindowsStandaloneSupport/UnityEditor.WindowsStandalone.Extensions.dll
Registered in 0.001241 seconds.
Native extension for WindowsStandalone target not found
Refreshing native plugins compatible for Editor in 25.83 ms, found 0 plugins.
Preloading 0 native plugins for Editor in 0.00 ms.
Mono: successfully reloaded assembly
- Completed reload, in  2.819 seconds
Platform modules already initialized, skipping
Registering precompiled user dll's ...
Registered in 0.003610 seconds.
Begin MonoManager ReloadAssembly
Native extension for WindowsStandalone target not found
Refreshing native plugins compatible for Editor in 0.90 ms, found 0 plugins.
Preloading 0 native plugins for Editor in 0.00 ms.
Mono: successfully reloaded assembly
- Completed reload, in  1.116 seconds
Platform modules already initialized, skipping
========================================================================
Worker process is ready to serve import requests
Launched and connected shader compiler UnityShaderCompiler.exe after 0.07 seconds
Refreshing native plugins compatible for Editor in 1.09 ms, found 0 plugins.
Preloading 0 native plugins for Editor in 0.00 ms.
Unloading 1216 Unused Serialized files (Serialized files now loaded: 0)
System memory in use before: 59.9 MB.
System memory in use after: 59.9 MB.

Unloading 87 unused Assets to reduce memory usage. Loaded Objects now: 1592.
Total: 2.368100 ms (FindLiveObjects: 0.209300 ms CreateObjectMapping: 0.044900 ms MarkObjects: 2.002800 ms  DeleteObjects: 0.109600 ms)

========================================================================
Received Import Request.
  path: Assets/Scenes/FirstScene.unity
  artifactKey: Guid(42745c12921b2ef23a4064236ebb1647) Importer(815301076,1909f56bfc062723c751e8b465ee728b)
Start importing Assets/Scenes/FirstScene.unity using Guid(42745c12921b2ef23a4064236ebb1647) Importer(815301076,1909f56bfc062723c751e8b465ee728b)  -> (artifact id: '1b05071c87afcdbea922a218f0a85f77') in 0.020207 seconds
  Import took 0.022464 seconds .

========================================================================
Received Prepare
Refreshing native plugins compatible for Editor in 19.21 ms, found 0 plugins.
Preloading 0 native plugins for Editor in 0.00 ms.
Unloading 80 Unused Serialized files (Serialized files now loaded: 0)
System memory in use before: 37.2 MB.
System memory in use after: 37.3 MB.

Unloading 80 unused Assets to reduce memory usage. Loaded Objects now: 1592.
Total: 3.351400 ms (FindLiveObjects: 0.266600 ms CreateObjectMapping: 0.093600 ms MarkObjects: 2.893400 ms  DeleteObjects: 0.095700 ms)

========================================================================
Received Prepare
Refreshing native plugins compatible for Editor in 13.59 ms, found 0 plugins.
Preloading 0 native plugins for Editor in 0.00 ms.
Unloading 80 Unused Serialized files (Serialized files now loaded: 0)
System memory in use before: 37.2 MB.
System memory in use after: 37.3 MB.

Unloading 80 unused Assets to reduce memory usage. Loaded Objects now: 1592.
Total: 3.274300 ms (FindLiveObjects: 0.221300 ms CreateObjectMapping: 0.042400 ms MarkObjects: 2.900300 ms  DeleteObjects: 0.108800 ms)

========================================================================
Received Prepare
Refreshing native plugins compatible for Editor in 14.27 ms, found 0 plugins.
Preloading 0 native plugins for Editor in 0.00 ms.
Unloading 80 Unused Serialized files (Serialized files now loaded: 0)
System memory in use before: 37.2 MB.
System memory in use after: 37.3 MB.

Unloading 80 unused Assets to reduce memory usage. Loaded Objects now: 1592.
Total: 2.481600 ms (FindLiveObjects: 0.164000 ms CreateObjectMapping: 0.045600 ms MarkObjects: 2.164100 ms  DeleteObjects: 0.106900 ms)

========================================================================
Received Prepare
Refreshing native plugins compatible for Editor in 2.82 ms, found 0 plugins.
Preloading 0 native plugins for Editor in 0.00 ms.
Unloading 16 Unused Serialized files (Serialized files now loaded: 0)
System memory in use before: 35.5 MB.
System memory in use after: 35.6 MB.

Unloading 16 unused Assets to reduce memory usage. Loaded Objects now: 1592.
Total: 3.303000 ms (FindLiveObjects: 0.256400 ms CreateObjectMapping: 0.049800 ms MarkObjects: 2.920900 ms  DeleteObjects: 0.074500 ms)

========================================================================
Received Prepare
Refreshing native plugins compatible for Editor in 13.04 ms, found 0 plugins.
Preloading 0 native plugins for Editor in 0.00 ms.
Unloading 81 Unused Serialized files (Serialized files now loaded: 0)
System memory in use before: 37.3 MB.
System memory in use after: 37.3 MB.

Unloading 81 unused Assets to reduce memory usage. Loaded Objects now: 1592.
Total: 2.539400 ms (FindLiveObjects: 0.146300 ms CreateObjectMapping: 0.038700 ms MarkObjects: 2.215500 ms  DeleteObjects: 0.137600 ms)

========================================================================
Received Prepare
Refreshing native plugins compatible for Editor in 13.37 ms, found 0 plugins.
Preloading 0 native plugins for Editor in 0.00 ms.
Unloading 81 Unused Serialized files (Serialized files now loaded: 0)
System memory in use before: 37.3 MB.
System memory in use after: 37.3 MB.

Unloading 81 unused Assets to reduce memory usage. Loaded Objects now: 1592.
Total: 2.533100 ms (FindLiveObjects: 0.162900 ms CreateObjectMapping: 0.041000 ms MarkObjects: 2.233500 ms  DeleteObjects: 0.094800 ms)

========================================================================
Received Prepare
Refreshing native plugins compatible for Editor in 13.38 ms, found 0 plugins.
Preloading 0 native plugins for Editor in 0.00 ms.
Unloading 80 Unused Serialized files (Serialized files now loaded: 0)
System memory in use before: 37.2 MB.
System memory in use after: 37.3 MB.

Unloading 80 unused Assets to reduce memory usage. Loaded Objects now: 1592.
Total: 4.508900 ms (FindLiveObjects: 0.165200 ms CreateObjectMapping: 0.037200 ms MarkObjects: 4.190500 ms  DeleteObjects: 0.114700 ms)

AssetImportWorkerClient::OnTransportError - code=2 error=End of file
